# JRE version: Java(TM) SE Runtime Environment (8.0_144-b01) (build 1.8.0_144-b01)
# Java VM: Java HotSpot(TM) 64-Bit Server VM (25.144-b01 mixed mode windows-amd64 compressed oops)
Heap:
 PSYoungGen      total 764416K, used 549888K [0x0000000780900000, 0x00000007c0000000, 0x00000007c0000000)
  eden space 549888K, 100% used [0x0000000780900000,0x00000007a2200000,0x00000007a2200000)
  from space 214528K, 0% used [0x00000007b2e80000,0x00000007b2e80000,0x00000007c0000000)
  to   space 244736K, 0% used [0x00000007a2200000,0x00000007a2200000,0x00000007b1100000)
 ParOldGen       total 611328K, used 523421K [0x0000000701a00000, 0x0000000726f00000, 0x0000000780900000)
  object space 611328K, 85% used [0x0000000701a00000,0x0000000721927520,0x0000000726f00000)
 Metaspace       used 62353K, capacity 62900K, committed 63104K, reserved 1103872K
  class space    used 9127K, capacity 9265K, committed 9344K, reserved 1048576K
GC Heap History (10 events):
Event: 13.062 GC heap before
{Heap before GC invocations=18 (full 4):
 PSYoungGen      total 653312K, used 653312K [0x0000000780900000, 0x00000007c0000000, 0x00000007c0000000)
  eden space 502784K, 100% used [0x0000000780900000,0x000000079f400000,0x000000079f400000)
  from space 150528K, 100% used [0x000000079f400000,0x00000007a8700000,0x00000007a8700000)
  to   space 214528K, 0% used [0x00000007b2e80000,0x00000007b2e80000,0x00000007c0000000)
 ParOldGen       total 518144K, used 400952K [0x0000000701a00000, 0x0000000721400000, 0x0000000780900000)
  object space 518144K, 77% used [0x0000000701a00000,0x000000071a18e0a0,0x0000000721400000)
 Metaspace       used 62152K, capacity 62704K, committed 62848K, reserved 1103872K
  class space    used 9094K, capacity 9227K, committed 9344K, reserved 1048576K
Event: 13.168 GC heap after
Heap after GC invocations=18 (full 4):
 PSYoungGen      total 835072K, used 50208K [0x0000000780900000, 0x00000007c0000000, 0x00000007c0000000)
  eden space 620544K, 0% used [0x0000000780900000,0x0000000780900000,0x00000007a6700000)
  from space 214528K, 23% used [0x00000007b2e80000,0x00000007b5f88010,0x00000007c0000000)
  to   space 204288K, 0% used [0x00000007a6700000,0x00000007a6700000,0x00000007b2e80000)
 ParOldGen       total 552448K, used 551883K [0x0000000701a00000, 0x0000000723580000, 0x0000000780900000)
  object space 552448K, 99% used [0x0000000701a00000,0x00000007234f2c10,0x0000000723580000)
 Metaspace       used 62152K, capacity 62704K, committed 62848K, reserved 1103872K
  class space    used 9094K, capacity 9227K, committed 9344K, reserved 1048576K
}
Event: 13.168 GC heap before
{Heap before GC invocations=19 (full 5):
 PSYoungGen      total 835072K, used 50208K [0x0000000780900000, 0x00000007c0000000, 0x00000007c0000000)
  eden space 620544K, 0% used [0x0000000780900000,0x0000000780900000,0x00000007a6700000)
  from space 214528K, 23% used [0x00000007b2e80000,0x00000007b5f88010,0x00000007c0000000)
  to   space 204288K, 0% used [0x00000007a6700000,0x00000007a6700000,0x00000007b2e80000)
 ParOldGen       total 552448K, used 551883K [0x0000000701a00000, 0x0000000723580000, 0x0000000780900000)
  object space 552448K, 99% used [0x0000000701a00000,0x00000007234f2c10,0x0000000723580000)
 Metaspace       used 62152K, capacity 62704K, committed 62848K, reserved 1103872K
  class space    used 9094K, capacity 9227K, committed 9344K, reserved 1048576K
Event: 14.068 GC heap after
Heap after GC invocations=19 (full 5):
 PSYoungGen      total 835072K, used 0K [0x0000000780900000, 0x00000007c0000000, 0x00000007c0000000)
  eden space 620544K, 0% used [0x0000000780900000,0x0000000780900000,0x00000007a6700000)
  from space 214528K, 0% used [0x00000007b2e80000,0x00000007b2e80000,0x00000007c0000000)
  to   space 204288K, 0% used [0x00000007a6700000,0x00000007a6700000,0x00000007b2e80000)
 ParOldGen       total 552448K, used 384980K [0x0000000701a00000, 0x0000000723580000, 0x0000000780900000)
  object space 552448K, 69% used [0x0000000701a00000,0x00000007191f5168,0x0000000723580000)
 Metaspace       used 62152K, capacity 62704K, committed 62848K, reserved 1103872K
  class space    used 9094K, capacity 9227K, committed 9344K, reserved 1048576K
}
Event: 15.177 GC heap before
{Heap before GC invocations=20 (full 5):
 PSYoungGen      total 835072K, used 620544K [0x0000000780900000, 0x00000007c0000000, 0x00000007c0000000)
  eden space 620544K, 100% used [0x0000000780900000,0x00000007a6700000,0x00000007a6700000)
  from space 214528K, 0% used [0x00000007b2e80000,0x00000007b2e80000,0x00000007c0000000)
  to   space 204288K, 0% used [0x00000007a6700000,0x00000007a6700000,0x00000007b2e80000)
 ParOldGen       total 552448K, used 384980K [0x0000000701a00000, 0x0000000723580000, 0x0000000780900000)
  object space 552448K, 69% used [0x0000000701a00000,0x00000007191f5168,0x0000000723580000)
 Metaspace       used 62265K, capacity 62800K, committed 63104K, reserved 1103872K
  class space    used 9116K, capacity 9259K, committed 9344K, reserved 1048576K
Event: 15.288 GC heap after
Heap after GC invocations=20 (full 5):
 PSYoungGen      total 824832K, used 204288K [0x0000000780900000, 0x00000007c0000000, 0x00000007c0000000)
  eden space 620544K, 0% used [0x0000000780900000,0x0000000780900000,0x00000007a6700000)
  from space 204288K, 100% used [0x00000007a6700000,0x00000007b2e80000,0x00000007b2e80000)
  to   space 214528K, 0% used [0x00000007b2e80000,0x00000007b2e80000,0x00000007c0000000)
 ParOldGen       total 552448K, used 406017K [0x0000000701a00000, 0x0000000723580000, 0x0000000780900000)
  object space 552448K, 73% used [0x0000000701a00000,0x000000071a680568,0x0000000723580000)
 Metaspace       used 62265K, capacity 62800K, committed 63104K, reserved 1103872K
  class space    used 9116K, capacity 9259K, committed 9344K, reserved 1048576K
}
Event: 16.114 GC heap before
{Heap before GC invocations=21 (full 5):
 PSYoungGen      total 824832K, used 824832K [0x0000000780900000, 0x00000007c0000000, 0x00000007c0000000)
  eden space 620544K, 100% used [0x0000000780900000,0x00000007a6700000,0x00000007a6700000)
  from space 204288K, 100% used [0x00000007a6700000,0x00000007b2e80000,0x00000007b2e80000)
  to   space 214528K, 0% used [0x00000007b2e80000,0x00000007b2e80000,0x00000007c0000000)
 ParOldGen       total 552448K, used 406017K [0x0000000701a00000, 0x0000000723580000, 0x0000000780900000)
  object space 552448K, 73% used [0x0000000701a00000,0x000000071a680568,0x0000000723580000)
 Metaspace       used 62266K, capacity 62800K, committed 63104K, reserved 1103872K
  class space    used 9116K, capacity 9259K, committed 9344K, reserved 1048576K
Event: 16.276 GC heap after
Heap after GC invocations=21 (full 5):
 PSYoungGen      total 764416K, used 119968K [0x0000000780900000, 0x00000007c0000000, 0x00000007c0000000)
  eden space 549888K, 0% used [0x0000000780900000,0x0000000780900000,0x00000007a2200000)
  from space 214528K, 55% used [0x00000007b2e80000,0x00000007ba3a8000,0x00000007c0000000)
  to   space 244736K, 0% used [0x00000007a2200000,0x00000007a2200000,0x00000007b1100000)
 ParOldGen       total 611328K, used 610868K [0x0000000701a00000, 0x0000000726f00000, 0x0000000780900000)
  object space 611328K, 99% used [0x0000000701a00000,0x0000000726e8d0d8,0x0000000726f00000)
 Metaspace       used 62266K, capacity 62800K, committed 63104K, reserved 1103872K
  class space    used 9116K, capacity 9259K, committed 9344K, reserved 1048576K
}
Event: 16.276 GC heap before
{Heap before GC invocations=22 (full 6):
 PSYoungGen      total 764416K, used 119968K [0x0000000780900000, 0x00000007c0000000, 0x00000007c0000000)
  eden space 549888K, 0% used [0x0000000780900000,0x0000000780900000,0x00000007a2200000)
  from space 214528K, 55% used [0x00000007b2e80000,0x00000007ba3a8000,0x00000007c0000000)
  to   space 244736K, 0% used [0x00000007a2200000,0x00000007a2200000,0x00000007b1100000)
 ParOldGen       total 611328K, used 610868K [0x0000000701a00000, 0x0000000726f00000, 0x0000000780900000)
  object space 611328K, 99% used [0x0000000701a00000,0x0000000726e8d0d8,0x0000000726f00000)
 Metaspace       used 62266K, capacity 62800K, committed 63104K, reserved 1103872K
  class space    used 9116K, capacity 9259K, committed 9344K, reserved 1048576K
Event: 17.281 GC heap after
Heap after GC invocations=22 (full 6):
 PSYoungGen      total 764416K, used 0K [0x0000000780900000, 0x00000007c0000000, 0x00000007c0000000)
  eden space 549888K, 0% used [0x0000000780900000,0x0000000780900000,0x00000007a2200000)
  from space 214528K, 0% used [0x00000007b2e80000,0x00000007b2e80000,0x00000007c0000000)
  to   space 244736K, 0% used [0x00000007a2200000,0x00000007a2200000,0x00000007b1100000)
 ParOldGen       total 611328K, used 523421K [0x0000000701a00000, 0x0000000726f00000, 0x0000000780900000)
  object space 611328K, 85% used [0x0000000701a00000,0x0000000721927520,0x0000000726f00000)
 Metaspace       used 62266K, capacity 62800K, committed 63104K, reserved 1103872K
  class space    used 9116K, capacity 9259K, committed 9344K, reserved 1048576K
}

