# JRE version: Java(TM) SE Runtime Environment (8.0_144-b01) (build 1.8.0_144-b01)
# Java VM: Java HotSpot(TM) 64-Bit Server VM (25.144-b01 mixed mode windows-amd64 compressed oops)
Heap:
 PSYoungGen      total 641024K, used 393408K [0x0000000780900000, 0x00000007b1180000, 0x00000007c0000000)
  eden space 486912K, 80% used [0x0000000780900000,0x0000000798930178,0x000000079e480000)
  from space 154112K, 0% used [0x000000079e480000,0x000000079e480000,0x00000007a7b00000)
  to   space 112128K, 0% used [0x00000007aa400000,0x00000007aa400000,0x00000007b1180000)
 ParOldGen       total 453120K, used 379819K [0x0000000701a00000, 0x000000071d480000, 0x0000000780900000)
  object space 453120K, 83% used [0x0000000701a00000,0x0000000718ceaf20,0x000000071d480000)
 Metaspace       used 62331K, capacity 62900K, committed 63104K, reserved 1103872K
  class space    used 9129K, capacity 9265K, committed 9344K, reserved 1048576K
GC Heap History (10 events):
Event: 14.087 GC heap before
{Heap before GC invocations=25 (full 5):
 PSYoungGen      total 552448K, used 403968K [0x0000000780900000, 0x00000007b4180000, 0x00000007c0000000)
  eden space 403968K, 100% used [0x0000000780900000,0x0000000799380000,0x0000000799380000)
  from space 148480K, 0% used [0x0000000799380000,0x0000000799380000,0x00000007a2480000)
  to   space 161280K, 0% used [0x00000007aa400000,0x00000007aa400000,0x00000007b4180000)
 ParOldGen       total 453120K, used 340761K [0x0000000701a00000, 0x000000071d480000, 0x0000000780900000)
  object space 453120K, 75% used [0x0000000701a00000,0x00000007166c67e0,0x000000071d480000)
 Metaspace       used 62127K, capacity 62704K, committed 62848K, reserved 1103872K
  class space    used 9096K, capacity 9227K, committed 9344K, reserved 1048576K
Event: 14.112 GC heap after
Heap after GC invocations=25 (full 5):
 PSYoungGen      total 599040K, used 40512K [0x0000000780900000, 0x00000007b1180000, 0x00000007c0000000)
  eden space 486912K, 0% used [0x0000000780900000,0x0000000780900000,0x000000079e480000)
  from space 112128K, 36% used [0x00000007aa400000,0x00000007acb90010,0x00000007b1180000)
  to   space 154112K, 0% used [0x000000079e480000,0x000000079e480000,0x00000007a7b00000)
 ParOldGen       total 453120K, used 340761K [0x0000000701a00000, 0x000000071d480000, 0x0000000780900000)
  object space 453120K, 75% used [0x0000000701a00000,0x00000007166c67e0,0x000000071d480000)
 Metaspace       used 62127K, capacity 62704K, committed 62848K, reserved 1103872K
  class space    used 9096K, capacity 9227K, committed 9344K, reserved 1048576K
}
Event: 15.123 GC heap before
{Heap before GC invocations=26 (full 5):
 PSYoungGen      total 599040K, used 527424K [0x0000000780900000, 0x00000007b1180000, 0x00000007c0000000)
  eden space 486912K, 100% used [0x0000000780900000,0x000000079e480000,0x000000079e480000)
  from space 112128K, 36% used [0x00000007aa400000,0x00000007acb90010,0x00000007b1180000)
  to   space 154112K, 0% used [0x000000079e480000,0x000000079e480000,0x00000007a7b00000)
 ParOldGen       total 453120K, used 340761K [0x0000000701a00000, 0x000000071d480000, 0x0000000780900000)
  object space 453120K, 75% used [0x0000000701a00000,0x00000007166c67e0,0x000000071d480000)
 Metaspace       used 62134K, capacity 62704K, committed 62848K, reserved 1103872K
  class space    used 9097K, capacity 9227K, committed 9344K, reserved 1048576K
Event: 15.237 GC heap after
Heap after GC invocations=26 (full 5):
 PSYoungGen      total 641024K, used 154112K [0x0000000780900000, 0x00000007b1180000, 0x00000007c0000000)
  eden space 486912K, 0% used [0x0000000780900000,0x0000000780900000,0x000000079e480000)
  from space 154112K, 100% used [0x000000079e480000,0x00000007a7b00000,0x00000007a7b00000)
  to   space 112128K, 0% used [0x00000007aa400000,0x00000007aa400000,0x00000007b1180000)
 ParOldGen       total 453120K, used 438993K [0x0000000701a00000, 0x000000071d480000, 0x0000000780900000)
  object space 453120K, 96% used [0x0000000701a00000,0x000000071c6b47f0,0x000000071d480000)
 Metaspace       used 62134K, capacity 62704K, committed 62848K, reserved 1103872K
  class space    used 9097K, capacity 9227K, committed 9344K, reserved 1048576K
}
Event: 15.237 GC heap before
{Heap before GC invocations=27 (full 6):
 PSYoungGen      total 641024K, used 154112K [0x0000000780900000, 0x00000007b1180000, 0x00000007c0000000)
  eden space 486912K, 0% used [0x0000000780900000,0x0000000780900000,0x000000079e480000)
  from space 154112K, 100% used [0x000000079e480000,0x00000007a7b00000,0x00000007a7b00000)
  to   space 112128K, 0% used [0x00000007aa400000,0x00000007aa400000,0x00000007b1180000)
 ParOldGen       total 453120K, used 438993K [0x0000000701a00000, 0x000000071d480000, 0x0000000780900000)
  object space 453120K, 96% used [0x0000000701a00000,0x000000071c6b47f0,0x000000071d480000)
 Metaspace       used 62134K, capacity 62704K, committed 62848K, reserved 1103872K
  class space    used 9097K, capacity 9227K, committed 9344K, reserved 1048576K
Event: 16.005 GC heap after
Heap after GC invocations=27 (full 6):
 PSYoungGen      total 641024K, used 0K [0x0000000780900000, 0x00000007b1180000, 0x00000007c0000000)
  eden space 486912K, 0% used [0x0000000780900000,0x0000000780900000,0x000000079e480000)
  from space 154112K, 0% used [0x000000079e480000,0x000000079e480000,0x00000007a7b00000)
  to   space 112128K, 0% used [0x00000007aa400000,0x00000007aa400000,0x00000007b1180000)
 ParOldGen       total 453120K, used 386350K [0x0000000701a00000, 0x000000071d480000, 0x0000000780900000)
  object space 453120K, 85% used [0x0000000701a00000,0x000000071934b8d0,0x000000071d480000)
 Metaspace       used 62134K, capacity 62704K, committed 62848K, reserved 1103872K
  class space    used 9097K, capacity 9227K, committed 9344K, reserved 1048576K
}
Event: 16.329 GC heap before
{Heap before GC invocations=28 (full 7):
 PSYoungGen      total 641024K, used 486912K [0x0000000780900000, 0x00000007b1180000, 0x00000007c0000000)
  eden space 486912K, 100% used [0x0000000780900000,0x000000079e480000,0x000000079e480000)
  from space 154112K, 0% used [0x000000079e480000,0x000000079e480000,0x00000007a7b00000)
  to   space 112128K, 0% used [0x00000007aa400000,0x00000007aa400000,0x00000007b1180000)
 ParOldGen       total 453120K, used 386350K [0x0000000701a00000, 0x000000071d480000, 0x0000000780900000)
  object space 453120K, 85% used [0x0000000701a00000,0x000000071934b8d0,0x000000071d480000)
 Metaspace       used 62134K, capacity 62704K, committed 62848K, reserved 1103872K
  class space    used 9097K, capacity 9227K, committed 9344K, reserved 1048576K
Event: 17.488 GC heap after
Heap after GC invocations=28 (full 7):
 PSYoungGen      total 641024K, used 0K [0x0000000780900000, 0x00000007b1180000, 0x00000007c0000000)
  eden space 486912K, 0% used [0x0000000780900000,0x0000000780900000,0x000000079e480000)
  from space 154112K, 0% used [0x000000079e480000,0x000000079e480000,0x00000007a7b00000)
  to   space 112128K, 0% used [0x00000007aa400000,0x00000007aa400000,0x00000007b1180000)
 ParOldGen       total 453120K, used 434584K [0x0000000701a00000, 0x000000071d480000, 0x0000000780900000)
  object space 453120K, 95% used [0x0000000701a00000,0x000000071c2660b8,0x000000071d480000)
 Metaspace       used 62134K, capacity 62704K, committed 62848K, reserved 1103872K
  class space    used 9097K, capacity 9227K, committed 9344K, reserved 1048576K
}
Event: 18.294 GC heap before
{Heap before GC invocations=29 (full 8):
 PSYoungGen      total 641024K, used 486912K [0x0000000780900000, 0x00000007b1180000, 0x00000007c0000000)
  eden space 486912K, 100% used [0x0000000780900000,0x000000079e480000,0x000000079e480000)
  from space 154112K, 0% used [0x000000079e480000,0x000000079e480000,0x00000007a7b00000)
  to   space 112128K, 0% used [0x00000007aa400000,0x00000007aa400000,0x00000007b1180000)
 ParOldGen       total 453120K, used 434584K [0x0000000701a00000, 0x000000071d480000, 0x0000000780900000)
  object space 453120K, 95% used [0x0000000701a00000,0x000000071c2660b8,0x000000071d480000)
 Metaspace       used 62134K, capacity 62704K, committed 62848K, reserved 1103872K
  class space    used 9097K, capacity 9227K, committed 9344K, reserved 1048576K
Event: 18.852 GC heap after
Heap after GC invocations=29 (full 8):
 PSYoungGen      total 641024K, used 0K [0x0000000780900000, 0x00000007b1180000, 0x00000007c0000000)
  eden space 486912K, 0% used [0x0000000780900000,0x0000000780900000,0x000000079e480000)
  from space 154112K, 0% used [0x000000079e480000,0x000000079e480000,0x00000007a7b00000)
  to   space 112128K, 0% used [0x00000007aa400000,0x00000007aa400000,0x00000007b1180000)
 ParOldGen       total 453120K, used 379819K [0x0000000701a00000, 0x000000071d480000, 0x0000000780900000)
  object space 453120K, 83% used [0x0000000701a00000,0x0000000718ceaf20,0x000000071d480000)
 Metaspace       used 62134K, capacity 62704K, committed 62848K, reserved 1103872K
  class space    used 9097K, capacity 9227K, committed 9344K, reserved 1048576K
}

